<?xml version="1.0" encoding="UTF-8"?>
<!-- Generated by org.testng.reporters.JUnitReportReporter -->
<testsuite hostname="DESKTOP-HN0MJHL" failures="0" tests="2" name="Learning.MavenJava.AppiumTest" time="0.006" errors="0" timestamp="2021-08-08T14:06:23 IST" skipped="0">
  <testcase classname="Learning.MavenJava.AppiumTest" name="IOSApps" time="0.005"/>
  <system-out/>
  <testcase classname="Learning.MavenJava.AppiumTest" name="NativeAppAndroid" time="0.001"/>
  <system-out/>
</testsuite> <!-- Learning.MavenJava.AppiumTest -->
