<?xml version="1.0" encoding="UTF-8"?>
<!-- Generated by org.testng.reporters.JUnitReportReporter -->
<testsuite hostname="DESKTOP-HN0MJHL" failures="0" tests="2" name="Learning.MavenJava.RESTAPTTest" time="0.001" errors="0" timestamp="2021-08-09T12:36:53 IST" skipped="0">
  <testcase classname="Learning.MavenJava.RESTAPTTest" name="deleteTwitter" time="0.001"/>
  <system-out/>
  <testcase classname="Learning.MavenJava.RESTAPTTest" name="postJira" time="0.000"/>
  <system-out/>
</testsuite> <!-- Learning.MavenJava.RESTAPTTest -->
