<?xml version="1.0" encoding="UTF-8"?>
<!-- Generated by org.testng.reporters.JUnitReportReporter -->
<testsuite hostname="DESKTOP-HN0MJHL" failures="0" tests="2" name="Learning.MavenJava.AppiumTest" time="0.003" errors="0" timestamp="2021-08-09T12:36:53 IST" skipped="0">
  <testcase classname="Learning.MavenJava.AppiumTest" name="NativeAppAndroid" time="0.000"/>
  <system-out/>
  <testcase classname="Learning.MavenJava.AppiumTest" name="IOSApps" time="0.003"/>
  <system-out/>
</testsuite> <!-- Learning.MavenJava.AppiumTest -->
