<?xml version="1.0" encoding="UTF-8"?>
<!-- Generated by org.testng.reporters.JUnitReportReporter -->
<testsuite hostname="DESKTOP-HN0MJHL" failures="0" tests="2" name="Learning.MavenJava.SeleniumTest" time="0.000" errors="0" timestamp="2021-08-08T14:34:16 IST" skipped="0">
  <testcase classname="Learning.MavenJava.SeleniumTest" name="apiSelenium" time="0.000"/>
  <system-out/>
  <testcase classname="Learning.MavenJava.SeleniumTest" name="postJira" time="0.000"/>
  <system-out/>
</testsuite> <!-- Learning.MavenJava.SeleniumTest -->
